<?xml version="1.0" encoding="UTF-8"?>
<testsuite xmlns:xsi="http://www.w3.org/2001/XMLSchema-instance" xsi:noNamespaceSchemaLocation="https://maven.apache.org/surefire/maven-surefire-plugin/xsd/surefire-test-report.xsd" name="tn.esprit.rh.achat.ProduitTest" time="2.174" tests="2" errors="0" skipped="0" failures="0">
  <properties>
[...]
</properties>
  <testcase name="testRetrieveAllProduits" classname="tn.esprit.rh.achat.ProduitTest" time="0.015"/>
  <testcase name="testDeleteProduit" classname="tn.esprit.rh.achat.ProduitTest" time="0.013"/>
</testsuite>